time="2026-05-11T11:15:59+07:00" level=warning msg="The \"LETSENCRYPT_EMAIL\" variable is not set. Defaulting to a blank string."
time="2026-05-11T11:15:59+07:00" level=warning msg="The \"DOMAIN\" variable is not set. Defaulting to a blank string."
time="2026-05-11T11:15:59+07:00" level=warning msg="The \"DOMAIN\" variable is not set. Defaulting to a blank string."
time="2026-05-11T11:15:59+07:00" level=warning msg="The \"DOMAIN\" variable is not set. Defaulting to a blank string."
time="2026-05-11T11:15:59+07:00" level=warning msg="The \"LETSENCRYPT_EMAIL\" variable is not set. Defaulting to a blank string."
time="2026-05-11T11:15:59+07:00" level=warning msg="The \"DOMAIN\" variable is not set. Defaulting to a blank string."
time="2026-05-11T11:15:59+07:00" level=warning msg="The \"DOMAIN\" variable is not set. Defaulting to a blank string."
time="2026-05-11T11:15:59+07:00" level=warning msg="The \"MINIO_CONSOLE_HOST\" variable is not set. Defaulting to a blank string."
time="2026-05-11T11:15:59+07:00" level=warning msg="The \"DOMAIN\" variable is not set. Defaulting to a blank string."
 Image rehub-platform-frontend Building 
 Image rehub-platform-backend Building 
#1 [internal] load local bake definitions
#1 reading from stdin 1.04kB done
#1 DONE 0.0s

#2 [internal] load build definition from Dockerfile
#2 transferring dockerfile: 665B 0.0s done
#2 DONE 0.0s

#3 [internal] load metadata for docker.io/library/nginx:1
#3 ...

#4 [internal] load metadata for docker.io/oven/bun:1
#4 DONE 2.5s

#3 [internal] load metadata for docker.io/library/nginx:1
#3 DONE 2.8s

#5 [internal] load .dockerignore
#5 transferring context: 2B done
#5 DONE 0.0s

#6 [build-stage 1/8] FROM docker.io/oven/bun:1@sha256:87416c977a612a204eb54ab9f3927023c2a3c971f4f345a01da08ea6262ae30e
#6 resolve docker.io/oven/bun:1@sha256:87416c977a612a204eb54ab9f3927023c2a3c971f4f345a01da08ea6262ae30e 0.0s done
#6 DONE 0.1s

#7 [stage-1 1/4] FROM docker.io/library/nginx:1@sha256:1881968aff6f7cdcc4b888c00a11f4ce241ad7ec957e0cb4a9e19e93a3ff87ea
#7 resolve docker.io/library/nginx:1@sha256:1881968aff6f7cdcc4b888c00a11f4ce241ad7ec957e0cb4a9e19e93a3ff87ea 0.0s done
#7 ...

#8 [internal] load build context
#8 transferring context: 26.85MB 0.6s done
#8 DONE 0.7s

#6 [build-stage 1/8] FROM docker.io/oven/bun:1@sha256:87416c977a612a204eb54ab9f3927023c2a3c971f4f345a01da08ea6262ae30e
#6 sha256:5b531c0f03faa601b21ffba074576367135fd009dc1659ac7eed7be40c0d98b7 138B / 138B 0.3s done
#6 sha256:d0826a5f7ef4c217928112a6da2c38eebe143508df148f719971cec8916e7d2f 3.40kB / 3.40kB 0.5s done
#6 sha256:959552c2c430f9e81630bf5ef35f3567e59fcdd0d429271376bd53c5640b47e5 185B / 185B 0.7s done
#6 sha256:3d46424f016660c963f2436f10337209f5b80a9444c9b839ba874c627e482d7b 0B / 39.94MB 0.8s
#6 sha256:f255ba90d9deba7052e81e2afb76bbd781e8fedade86b8163fb3c1d1d175e135 0B / 294B 0.5s
#6 sha256:a7730063fcfe708b222d34c4f07d633dfe087a28c05c4daaab2fa9943854c155 0B / 49.30MB 0.3s
#6 sha256:f255ba90d9deba7052e81e2afb76bbd781e8fedade86b8163fb3c1d1d175e135 294B / 294B 0.6s done
#6 sha256:3d46424f016660c963f2436f10337209f5b80a9444c9b839ba874c627e482d7b 10.49MB / 39.94MB 1.1s
#6 sha256:3d46424f016660c963f2436f10337209f5b80a9444c9b839ba874c627e482d7b 12.58MB / 39.94MB 3.0s
#6 sha256:a7730063fcfe708b222d34c4f07d633dfe087a28c05c4daaab2fa9943854c155 5.24MB / 49.30MB 2.6s
#6 sha256:3d46424f016660c963f2436f10337209f5b80a9444c9b839ba874c627e482d7b 20.97MB / 39.94MB 3.2s
#6 sha256:a7730063fcfe708b222d34c4f07d633dfe087a28c05c4daaab2fa9943854c155 10.49MB / 49.30MB 4.7s
#6 sha256:3d46424f016660c963f2436f10337209f5b80a9444c9b839ba874c627e482d7b 28.31MB / 39.94MB 5.3s
#6 sha256:3d46424f016660c963f2436f10337209f5b80a9444c9b839ba874c627e482d7b 31.46MB / 39.94MB 6.5s
#6 sha256:a7730063fcfe708b222d34c4f07d633dfe087a28c05c4daaab2fa9943854c155 15.73MB / 49.30MB 6.0s
#6 sha256:3d46424f016660c963f2436f10337209f5b80a9444c9b839ba874c627e482d7b 35.65MB / 39.94MB 6.6s
#6 sha256:a7730063fcfe708b222d34c4f07d633dfe087a28c05c4daaab2fa9943854c155 20.97MB / 49.30MB 7.1s
#6 sha256:3d46424f016660c963f2436f10337209f5b80a9444c9b839ba874c627e482d7b 39.94MB / 39.94MB 7.6s done
#6 sha256:a7730063fcfe708b222d34c4f07d633dfe087a28c05c4daaab2fa9943854c155 24.12MB / 49.30MB 7.2s
#6 sha256:a7730063fcfe708b222d34c4f07d633dfe087a28c05c4daaab2fa9943854c155 27.26MB / 49.30MB 7.4s
#6 sha256:a7730063fcfe708b222d34c4f07d633dfe087a28c05c4daaab2fa9943854c155 34.60MB / 49.30MB 8.4s
#6 sha256:a7730063fcfe708b222d34c4f07d633dfe087a28c05c4daaab2fa9943854c155 39.85MB / 49.30MB 8.6s
#6 sha256:a7730063fcfe708b222d34c4f07d633dfe087a28c05c4daaab2fa9943854c155 42.99MB / 49.30MB 9.5s
#6 sha256:a7730063fcfe708b222d34c4f07d633dfe087a28c05c4daaab2fa9943854c155 49.30MB / 49.30MB 9.6s done
#6 extracting sha256:a7730063fcfe708b222d34c4f07d633dfe087a28c05c4daaab2fa9943854c155
#6 extracting sha256:a7730063fcfe708b222d34c4f07d633dfe087a28c05c4daaab2fa9943854c155 0.7s done
#6 extracting sha256:f255ba90d9deba7052e81e2afb76bbd781e8fedade86b8163fb3c1d1d175e135 done
#6 extracting sha256:3d46424f016660c963f2436f10337209f5b80a9444c9b839ba874c627e482d7b
#6 ...

#7 [stage-1 1/4] FROM docker.io/library/nginx:1@sha256:1881968aff6f7cdcc4b888c00a11f4ce241ad7ec957e0cb4a9e19e93a3ff87ea
#7 sha256:8e9b53b630dedfac569c0b3484f367dd8bdaa437b2dcff5c453b742fcba600cf 1.40kB / 1.40kB 1.3s done
#7 sha256:83742381311ab223ac476c81482f79c2fd5f8cade0fdd7c3ee92574649e9ace7 1.21kB / 1.21kB 1.7s done
#7 sha256:20d41cd6829d6a76246d76ad30405271259064cd1465c2f49b8f0f03a63675f5 404B / 404B 0.8s done
#7 sha256:382a36159731b6c4f15992b4542ad824d7a1d3dee549d696ec8d4af8f0718466 956B / 956B 0.5s done
#7 sha256:6e9f32fdbd611e27f05fbb3d972c3cbd1d9ce01dcf9743667b551f37a12b9d7a 628B / 628B 1.3s done
#7 sha256:38a7e44929f3a02caf5d606403b9c7f843cf5fd963a30bd77d9a4deea44cc4e0 10.49MB / 33.16MB 7.8s
#7 ...

#6 [build-stage 1/8] FROM docker.io/oven/bun:1@sha256:87416c977a612a204eb54ab9f3927023c2a3c971f4f345a01da08ea6262ae30e
#6 extracting sha256:3d46424f016660c963f2436f10337209f5b80a9444c9b839ba874c627e482d7b 0.3s done
#6 extracting sha256:959552c2c430f9e81630bf5ef35f3567e59fcdd0d429271376bd53c5640b47e5 done
#6 extracting sha256:d0826a5f7ef4c217928112a6da2c38eebe143508df148f719971cec8916e7d2f done
#6 extracting sha256:5b531c0f03faa601b21ffba074576367135fd009dc1659ac7eed7be40c0d98b7 done
#6 DONE 11.2s

#7 [stage-1 1/4] FROM docker.io/library/nginx:1@sha256:1881968aff6f7cdcc4b888c00a11f4ce241ad7ec957e0cb4a9e19e93a3ff87ea
#7 ...

#9 [build-stage 2/8] WORKDIR /app
#9 DONE 0.1s

#10 [build-stage 3/8] COPY package.json bun.lock /app/
#10 DONE 0.0s

#11 [build-stage 4/8] COPY frontend/package.json /app/frontend/
#11 DONE 0.0s

#12 [build-stage 5/8] WORKDIR /app/frontend
#12 DONE 0.0s

#7 [stage-1 1/4] FROM docker.io/library/nginx:1@sha256:1881968aff6f7cdcc4b888c00a11f4ce241ad7ec957e0cb4a9e19e93a3ff87ea
#7 sha256:38a7e44929f3a02caf5d606403b9c7f843cf5fd963a30bd77d9a4deea44cc4e0 12.58MB / 33.16MB 11.0s
#7 sha256:38a7e44929f3a02caf5d606403b9c7f843cf5fd963a30bd77d9a4deea44cc4e0 17.83MB / 33.16MB 11.1s
#7 sha256:38a7e44929f3a02caf5d606403b9c7f843cf5fd963a30bd77d9a4deea44cc4e0 22.02MB / 33.16MB 13.1s
#7 sha256:38a7e44929f3a02caf5d606403b9c7f843cf5fd963a30bd77d9a4deea44cc4e0 27.26MB / 33.16MB 13.2s
#7 sha256:38a7e44929f3a02caf5d606403b9c7f843cf5fd963a30bd77d9a4deea44cc4e0 31.46MB / 33.16MB 13.4s
#7 sha256:38a7e44929f3a02caf5d606403b9c7f843cf5fd963a30bd77d9a4deea44cc4e0 33.16MB / 33.16MB 14.2s done
#7 extracting sha256:38a7e44929f3a02caf5d606403b9c7f843cf5fd963a30bd77d9a4deea44cc4e0
#7 extracting sha256:38a7e44929f3a02caf5d606403b9c7f843cf5fd963a30bd77d9a4deea44cc4e0 0.4s done
#7 DONE 17.8s

#13 [build-stage 6/8] RUN bun install
#13 0.121 bun install v1.3.13 (bf2e2cec)
#13 0.126 Resolving dependencies
#13 ...

#7 [stage-1 1/4] FROM docker.io/library/nginx:1@sha256:1881968aff6f7cdcc4b888c00a11f4ce241ad7ec957e0cb4a9e19e93a3ff87ea
#7 extracting sha256:6e9f32fdbd611e27f05fbb3d972c3cbd1d9ce01dcf9743667b551f37a12b9d7a done
#7 extracting sha256:382a36159731b6c4f15992b4542ad824d7a1d3dee549d696ec8d4af8f0718466 done
#7 extracting sha256:20d41cd6829d6a76246d76ad30405271259064cd1465c2f49b8f0f03a63675f5 done
#7 extracting sha256:83742381311ab223ac476c81482f79c2fd5f8cade0fdd7c3ee92574649e9ace7 done
#7 extracting sha256:8e9b53b630dedfac569c0b3484f367dd8bdaa437b2dcff5c453b742fcba600cf done
#7 DONE 17.8s

#13 [build-stage 6/8] RUN bun install
#13 8.501 Resolved, downloaded and extracted [1026]
#13 18.31 Saved lockfile
#13 18.31 
#13 18.31 + @biomejs/biome@2.3.14 (v2.4.15 available)
#13 18.31 + @hey-api/openapi-ts@0.73.0 (v0.97.1 available)
#13 18.31 + @playwright/test@1.58.2 (v1.59.1 available)
#13 18.31 + @tanstack/router-devtools@1.159.10 (v1.166.13 available)
#13 18.31 + @tanstack/router-plugin@1.153.2 (v1.167.35 available)
#13 18.31 + @types/node@25.3.2 (v25.6.2 available)
#13 18.31 + @types/react@19.2.9 (v19.2.14 available)
#13 18.31 + @types/react-dom@19.2.3
#13 18.31 + @vitejs/plugin-react-swc@4.2.3 (v4.3.0 available)
#13 18.31 + dotenv@17.3.1 (v17.4.2 available)
#13 18.31 + typescript@5.9.3 (v6.0.3 available)
#13 18.31 + vite@7.3.1 (v8.0.11 available)
#13 18.31 + @chakra-ui/react@3.35.0
#13 18.31 + @emotion/react@11.14.0
#13 18.31 + @emotion/styled@11.14.1
#13 18.31 + @hookform/resolvers@5.2.2
#13 18.31 + @radix-ui/react-avatar@1.1.11
#13 18.31 + @radix-ui/react-checkbox@1.3.3
#13 18.31 + @radix-ui/react-dialog@1.1.15
#13 18.31 + @radix-ui/react-dropdown-menu@2.1.16
#13 18.31 + @radix-ui/react-label@2.1.8
#13 18.31 + @radix-ui/react-radio-group@1.3.8
#13 18.31 + @radix-ui/react-scroll-area@1.2.10
#13 18.31 + @radix-ui/react-select@2.2.6
#13 18.31 + @radix-ui/react-separator@1.1.8
#13 18.31 + @radix-ui/react-slot@1.2.4
#13 18.31 + @radix-ui/react-tabs@1.1.13
#13 18.31 + @radix-ui/react-tooltip@1.2.8
#13 18.31 + @tanstack/react-query@5.90.21 (v5.100.9 available)
#13 18.31 + @tanstack/react-query-devtools@5.91.2 (v5.100.9 available)
#13 18.31 + @tanstack/react-router@1.163.3 (v1.169.2 available)
#13 18.31 + @tanstack/react-router-devtools@1.163.3 (v1.166.13 available)
#13 18.31 + @tanstack/react-table@8.21.3
#13 18.31 + @types/leaflet@1.9.21
#13 18.31 + axios@1.13.5 (v1.16.0 available)
#13 18.31 + form-data@4.0.5
#13 18.31 + framer-motion@12.38.0
#13 18.31 + leaflet@1.9.4
#13 18.31 + lucide-react@0.563.0 (v1.14.0 available)
#13 18.31 + next-themes@0.4.6
#13 18.31 + react@19.2.3 (v19.2.6 available)
#13 18.31 + react-dom@19.2.3 (v19.2.6 available)
#13 18.31 + react-error-boundary@6.1.0 (v6.1.1 available)
#13 18.31 + react-hook-form@7.71.1 (v7.75.0 available)
#13 18.31 + react-icons@5.5.0 (v5.6.0 available)
#13 18.31 + react-leaflet@5.0.0
#13 18.31 + react-markdown@9.1.0 (v10.1.0 available)
#13 18.31 + remark-gfm@4.0.1
#13 18.31 + sonner@2.0.7
#13 18.31 + zod@4.3.6 (v4.4.3 available)
#13 18.31 
#13 18.31 520 packages installed [18.19s]
#13 DONE 18.8s

#14 [build-stage 7/8] COPY ./frontend /app/frontend
#14 DONE 0.4s

#15 [build-stage 8/8] RUN bun run build
#15 0.138 $ tsc -p tsconfig.build.json && vite build
#15 11.13 src/features/home/components/ListingGrid.tsx(130,9): error TS6133: 'likeCount' is declared but its value is never read.
#15 11.13 src/features/home/components/ListingGrid.tsx(132,9): error TS6133: 'handleShareClick' is declared but its value is never read.
#15 11.13 src/features/home/components/MarketplaceHeader.tsx(503,3): error TS6133: 'FiHeart' is declared but its value is never read.
#15 ERROR: process "/bin/sh -c bun run build" did not complete successfully: exit code: 2
------
 > [build-stage 8/8] RUN bun run build:
0.138 $ tsc -p tsconfig.build.json && vite build
11.13 src/features/home/components/ListingGrid.tsx(130,9): error TS6133: 'likeCount' is declared but its value is never read.
11.13 src/features/home/components/ListingGrid.tsx(132,9): error TS6133: 'handleShareClick' is declared but its value is never read.
11.13 src/features/home/components/MarketplaceHeader.tsx(503,3): error TS6133: 'FiHeart' is declared but its value is never read.
------
Dockerfile:17

--------------------

  15 |     ARG VITE_API_URL

  16 |     

  17 | >>> RUN bun run build

  18 |     

  19 |     

--------------------

failed to solve: process "/bin/sh -c bun run build" did not complete successfully: exit code: 2

